<?xml version="1.0" encoding="UTF-8"?>
<!-- Generated by org.testng.reporters.JUnitXMLReporter -->
<testsuite hostname="ICPL12746" ignored="1" name="BDD Test" tests="1" failures="0" timestamp="28 Dec 2017 07:12:27 GMT" time="55.732" errors="0">
  <testcase name="Order Verification" time="55.612" classname="com.qmetry.qaf.automation.step.client.DataDrivenScenario"/>
  <testcase name="Order Verification" time="0.0" classname="com.qmetry.qaf.automation.step.client.DataDrivenScenario">
    <ignored/>
  </testcase> <!-- Order Verification -->
</testsuite> <!-- BDD Test -->
